2024.04.25 15:20:22 INFO  Started: Metals version 1.3.0 in folders '/nfs/home/zhaotiankun/workspace/ChipDesign' for client Visual Studio Code 1.88.1.
SLF4J: Class path contains multiple SLF4J providers.
SLF4J: Found provider [scribe.slf4j.ScribeServiceProvider@5a4c425c]
SLF4J: Found provider [ch.qos.logback.classic.spi.LogbackServiceProvider@544ea91f]
SLF4J: See https://www.slf4j.org/codes.html#multiple_bindings for an explanation.
SLF4J: Actual provider is of type [scribe.slf4j.ScribeServiceProvider@5a4c425c]
2024.04.25 15:20:22 WARN  Flyway upgrade recommended: H2 2.2.224 is newer than this version of Flyway and support has not been tested. The latest supported version of H2 is 2.2.220.
DanglingParentheses: top-level presets deprecated; use 'preset' subsection
2024.04.25 15:22:38 INFO  Shutting down server
2024.04.25 15:22:38 INFO  shutting down Metals
2024.04.25 15:22:38 INFO  Exiting server
2024.04.26 17:41:05 INFO  Started: Metals version 1.3.0 in folders '/nfs/home/zhaotiankun/workspace/ChipDesign' for client Visual Studio Code 1.88.1.
SLF4J: Class path contains multiple SLF4J providers.
SLF4J: Found provider [scribe.slf4j.ScribeServiceProvider@49151e83]
SLF4J: Found provider [ch.qos.logback.classic.spi.LogbackServiceProvider@5036166c]
SLF4J: See https://www.slf4j.org/codes.html#multiple_bindings for an explanation.
SLF4J: Actual provider is of type [scribe.slf4j.ScribeServiceProvider@49151e83]
2024.04.26 17:41:06 WARN  Flyway upgrade recommended: H2 2.2.224 is newer than this version of Flyway and support has not been tested. The latest supported version of H2 is 2.2.220.
DanglingParentheses: top-level presets deprecated; use 'preset' subsection
2024.04.26 17:41:56 INFO  no build target found for /nfs/home/zhaotiankun/workspace/ChipDesign/src/test/scala/FirstTest.scala. Using presentation compiler with project's scala-library version: 3.3.3
Exception in thread "pool-5-thread-1" java.lang.InterruptedException
	at scala.meta.internal.metals.FutureCancelToken.checkCanceled(FutureCancelToken.scala:29)
	at scala.meta.internal.pc.CompilerAccess.onCompilerJobQueue$$anonfun$1(CompilerAccess.scala:243)
	at scala.meta.internal.pc.CompilerJobQueue$Job.run(CompilerJobQueue.scala:152)
	at java.base/java.util.concurrent.ThreadPoolExecutor.runWorker(ThreadPoolExecutor.java:1136)
	at java.base/java.util.concurrent.ThreadPoolExecutor$Worker.run(ThreadPoolExecutor.java:635)
	at java.base/java.lang.Thread.run(Thread.java:840)
Apr 26, 2024 5:41:57 PM org.eclipse.lsp4j.jsonrpc.RemoteEndpoint handleCancellation
WARNING: Unmatched cancel notification for request id 21
Apr 26, 2024 5:41:57 PM org.eclipse.lsp4j.jsonrpc.RemoteEndpoint handleCancellation
WARNING: Unmatched cancel notification for request id 20
Apr 26, 2024 5:41:57 PM org.eclipse.lsp4j.jsonrpc.RemoteEndpoint handleCancellation
WARNING: Unmatched cancel notification for request id 23
Apr 26, 2024 5:41:57 PM org.eclipse.lsp4j.jsonrpc.RemoteEndpoint handleCancellation
WARNING: Unmatched cancel notification for request id 17
Apr 26, 2024 5:41:57 PM org.eclipse.lsp4j.jsonrpc.RemoteEndpoint handleCancellation
WARNING: Unmatched cancel notification for request id 29
Apr 26, 2024 5:41:57 PM org.eclipse.lsp4j.jsonrpc.RemoteEndpoint handleCancellation
WARNING: Unmatched cancel notification for request id 31
Apr 26, 2024 5:41:57 PM org.eclipse.lsp4j.jsonrpc.RemoteEndpoint handleCancellation
WARNING: Unmatched cancel notification for request id 34
Apr 26, 2024 5:41:57 PM org.eclipse.lsp4j.jsonrpc.RemoteEndpoint handleCancellation
WARNING: Unmatched cancel notification for request id 33
2024.04.26 17:41:57 WARN  no build target for: /nfs/home/zhaotiankun/workspace/ChipDesign/src/main/scala/xCache/Second.scala
Apr 26, 2024 5:41:57 PM org.eclipse.lsp4j.jsonrpc.RemoteEndpoint handleCancellation
WARNING: Unmatched cancel notification for request id 36
Apr 26, 2024 5:41:57 PM org.eclipse.lsp4j.jsonrpc.RemoteEndpoint handleCancellation
WARNING: Unmatched cancel notification for request id 38
Apr 26, 2024 5:41:57 PM org.eclipse.lsp4j.jsonrpc.RemoteEndpoint handleCancellation
WARNING: Unmatched cancel notification for request id 39
Apr 26, 2024 5:41:57 PM org.eclipse.lsp4j.jsonrpc.RemoteEndpoint handleCancellation
WARNING: Unmatched cancel notification for request id 42
Apr 26, 2024 5:41:57 PM org.eclipse.lsp4j.jsonrpc.RemoteEndpoint handleCancellation
WARNING: Unmatched cancel notification for request id 44
2024.04.26 17:41:57 WARN  no build target for: /nfs/home/zhaotiankun/workspace/ChipDesign/src/main/scala/xCache/Second.scala
Apr 26, 2024 5:41:57 PM org.eclipse.lsp4j.jsonrpc.RemoteEndpoint handleCancellation
WARNING: Unmatched cancel notification for request id 46
Apr 26, 2024 5:41:57 PM org.eclipse.lsp4j.jsonrpc.RemoteEndpoint handleCancellation
WARNING: Unmatched cancel notification for request id 51
Apr 26, 2024 5:41:57 PM org.eclipse.lsp4j.jsonrpc.RemoteEndpoint handleCancellation
WARNING: Unmatched cancel notification for request id 45
Apr 26, 2024 5:41:57 PM org.eclipse.lsp4j.jsonrpc.RemoteEndpoint handleCancellation
WARNING: Unmatched cancel notification for request id 48
Apr 26, 2024 5:41:57 PM org.eclipse.lsp4j.jsonrpc.RemoteEndpoint handleCancellation
WARNING: Unmatched cancel notification for request id 50
Apr 26, 2024 5:41:57 PM org.eclipse.lsp4j.jsonrpc.RemoteEndpoint handleCancellation
WARNING: Unmatched cancel notification for request id 53
Apr 26, 2024 5:41:57 PM org.eclipse.lsp4j.jsonrpc.RemoteEndpoint handleCancellation
WARNING: Unmatched cancel notification for request id 55
Apr 26, 2024 5:41:57 PM org.eclipse.lsp4j.jsonrpc.RemoteEndpoint handleCancellation
WARNING: Unmatched cancel notification for request id 57
Apr 26, 2024 5:41:57 PM org.eclipse.lsp4j.jsonrpc.RemoteEndpoint handleCancellation
WARNING: Unmatched cancel notification for request id 58
Apr 26, 2024 5:41:57 PM org.eclipse.lsp4j.jsonrpc.RemoteEndpoint handleCancellation
WARNING: Unmatched cancel notification for request id 60
Apr 26, 2024 5:41:57 PM org.eclipse.lsp4j.jsonrpc.RemoteEndpoint handleCancellation
WARNING: Unmatched cancel notification for request id 62
2024.04.26 17:41:57 WARN  no build target for: /nfs/home/zhaotiankun/workspace/ChipDesign/src/main/scala/xCache/Second.scala
Apr 26, 2024 5:41:57 PM org.eclipse.lsp4j.jsonrpc.RemoteEndpoint handleCancellation
WARNING: Unmatched cancel notification for request id 78
Apr 26, 2024 5:41:57 PM org.eclipse.lsp4j.jsonrpc.RemoteEndpoint handleCancellation
WARNING: Unmatched cancel notification for request id 79
Apr 26, 2024 5:41:57 PM org.eclipse.lsp4j.jsonrpc.RemoteEndpoint handleCancellation
WARNING: Unmatched cancel notification for request id 80
Apr 26, 2024 5:41:57 PM org.eclipse.lsp4j.jsonrpc.RemoteEndpoint handleCancellation
WARNING: Unmatched cancel notification for request id 81
Apr 26, 2024 5:41:57 PM org.eclipse.lsp4j.jsonrpc.RemoteEndpoint handleCancellation
WARNING: Unmatched cancel notification for request id 82
Apr 26, 2024 5:41:57 PM org.eclipse.lsp4j.jsonrpc.RemoteEndpoint handleCancellation
WARNING: Unmatched cancel notification for request id 83
Apr 26, 2024 5:41:57 PM org.eclipse.lsp4j.jsonrpc.RemoteEndpoint handleCancellation
WARNING: Unmatched cancel notification for request id 85
Apr 26, 2024 5:41:57 PM org.eclipse.lsp4j.jsonrpc.RemoteEndpoint handleCancellation
WARNING: Unmatched cancel notification for request id 87
Apr 26, 2024 5:41:57 PM org.eclipse.lsp4j.jsonrpc.RemoteEndpoint handleCancellation
WARNING: Unmatched cancel notification for request id 89
Apr 26, 2024 5:41:57 PM org.eclipse.lsp4j.jsonrpc.RemoteEndpoint handleCancellation
WARNING: Unmatched cancel notification for request id 91
Apr 26, 2024 5:41:57 PM org.eclipse.lsp4j.jsonrpc.RemoteEndpoint handleCancellation
WARNING: Unmatched cancel notification for request id 92
Apr 26, 2024 5:41:57 PM org.eclipse.lsp4j.jsonrpc.RemoteEndpoint handleCancellation
WARNING: Unmatched cancel notification for request id 94
2024.04.26 17:41:57 WARN  no build target for: /nfs/home/zhaotiankun/workspace/ChipDesign/src/main/scala/xCache/Second.scala
Apr 26, 2024 5:41:57 PM org.eclipse.lsp4j.jsonrpc.RemoteEndpoint handleCancellation
WARNING: Unmatched cancel notification for request id 95
Apr 26, 2024 5:41:57 PM org.eclipse.lsp4j.jsonrpc.RemoteEndpoint handleCancellation
WARNING: Unmatched cancel notification for request id 99
Apr 26, 2024 5:41:57 PM org.eclipse.lsp4j.jsonrpc.RemoteEndpoint handleCancellation
WARNING: Unmatched cancel notification for request id 100
Apr 26, 2024 5:41:57 PM org.eclipse.lsp4j.jsonrpc.RemoteEndpoint handleCancellation
WARNING: Unmatched cancel notification for request id 103
Apr 26, 2024 5:41:57 PM org.eclipse.lsp4j.jsonrpc.RemoteEndpoint handleCancellation
WARNING: Unmatched cancel notification for request id 104
Apr 26, 2024 5:41:57 PM org.eclipse.lsp4j.jsonrpc.RemoteEndpoint handleCancellation
WARNING: Unmatched cancel notification for request id 105
Apr 26, 2024 5:41:57 PM org.eclipse.lsp4j.jsonrpc.RemoteEndpoint handleCancellation
WARNING: Unmatched cancel notification for request id 106
Apr 26, 2024 5:41:57 PM org.eclipse.lsp4j.jsonrpc.RemoteEndpoint handleCancellation
WARNING: Unmatched cancel notification for request id 108
Apr 26, 2024 5:41:57 PM org.eclipse.lsp4j.jsonrpc.RemoteEndpoint handleCancellation
WARNING: Unmatched cancel notification for request id 110
Apr 26, 2024 5:41:57 PM org.eclipse.lsp4j.jsonrpc.RemoteEndpoint handleCancellation
WARNING: Unmatched cancel notification for request id 112
2024.04.26 17:41:57 WARN  no build target for: /nfs/home/zhaotiankun/workspace/ChipDesign/src/main/scala/xCache/Second.scala
Apr 26, 2024 5:41:57 PM org.eclipse.lsp4j.jsonrpc.RemoteEndpoint handleCancellation
WARNING: Unmatched cancel notification for request id 114
Apr 26, 2024 5:41:57 PM org.eclipse.lsp4j.jsonrpc.RemoteEndpoint handleCancellation
WARNING: Unmatched cancel notification for request id 115
Apr 26, 2024 5:41:57 PM org.eclipse.lsp4j.jsonrpc.RemoteEndpoint handleCancellation
WARNING: Unmatched cancel notification for request id 116
Apr 26, 2024 5:41:57 PM org.eclipse.lsp4j.jsonrpc.RemoteEndpoint handleCancellation
WARNING: Unmatched cancel notification for request id 118
Apr 26, 2024 5:41:57 PM org.eclipse.lsp4j.jsonrpc.RemoteEndpoint handleCancellation
WARNING: Unmatched cancel notification for request id 120
Apr 26, 2024 5:41:57 PM org.eclipse.lsp4j.jsonrpc.RemoteEndpoint handleCancellation
WARNING: Unmatched cancel notification for request id 121
Apr 26, 2024 5:41:57 PM org.eclipse.lsp4j.jsonrpc.RemoteEndpoint handleCancellation
WARNING: Unmatched cancel notification for request id 122
Apr 26, 2024 5:41:57 PM org.eclipse.lsp4j.jsonrpc.RemoteEndpoint handleCancellation
WARNING: Unmatched cancel notification for request id 123
2024.04.26 17:41:57 WARN  no build target for: /nfs/home/zhaotiankun/workspace/ChipDesign/src/main/scala/xCache/Second.scala
Apr 26, 2024 5:41:57 PM org.eclipse.lsp4j.jsonrpc.RemoteEndpoint handleCancellation
WARNING: Unmatched cancel notification for request id 126
Apr 26, 2024 5:41:57 PM org.eclipse.lsp4j.jsonrpc.RemoteEndpoint handleCancellation
WARNING: Unmatched cancel notification for request id 129
2024.04.26 17:41:58 WARN  Could not find semantic tokens for: file:///nfs/home/zhaotiankun/workspace/ChipDesign/src/main/scala/xCache/Second.scala
2024.04.26 17:42:00 WARN  no build target for: /nfs/home/zhaotiankun/workspace/ChipDesign/src/main/scala/xCache/Second.scala
Apr 26, 2024 5:42:02 PM org.eclipse.lsp4j.jsonrpc.RemoteEndpoint handleCancellation
WARNING: Unmatched cancel notification for request id 152
2024.04.26 17:42:09 WARN  no build target for: /nfs/home/zhaotiankun/workspace/ChipDesign/src/main/scala/xCache/Second.scala
2024.04.26 17:42:15 WARN  no build target for: /nfs/home/zhaotiankun/workspace/ChipDesign/src/main/scala/xCache/Second.scala
2024.04.26 17:42:21 WARN  no build target for: /nfs/home/zhaotiankun/workspace/ChipDesign/src/main/scala/xCache/Second.scala
2024.04.26 17:42:24 WARN  no build target for: /nfs/home/zhaotiankun/workspace/ChipDesign/src/main/scala/xCache/Second.scala
2024.04.26 17:42:26 WARN  no build target for: /nfs/home/zhaotiankun/workspace/ChipDesign/src/main/scala/xCache/Second.scala
2024.04.26 17:42:27 WARN  no build target for: /nfs/home/zhaotiankun/workspace/ChipDesign/src/main/scala/xCache/Second.scala
Apr 26, 2024 5:42:28 PM org.eclipse.lsp4j.jsonrpc.RemoteEndpoint handleCancellation
WARNING: Unmatched cancel notification for request id 311
2024.04.26 17:42:33 WARN  no build target for: /nfs/home/zhaotiankun/workspace/ChipDesign/src/main/scala/xCache/Second.scala
2024.04.26 17:42:36 WARN  no build target for: /nfs/home/zhaotiankun/workspace/ChipDesign/src/main/scala/xCache/Second.scala
2024.04.26 17:42:37 WARN  no build target for: /nfs/home/zhaotiankun/workspace/ChipDesign/src/main/scala/xCache/Second.scala
2024.04.26 17:42:41 WARN  no build target for: /nfs/home/zhaotiankun/workspace/ChipDesign/src/main/scala/xCache/Second.scala
2024.04.26 17:42:43 WARN  no build target for: /nfs/home/zhaotiankun/workspace/ChipDesign/src/main/scala/xCache/Second.scala
2024.04.26 17:42:46 WARN  no build target for: /nfs/home/zhaotiankun/workspace/ChipDesign/src/main/scala/xCache/Second.scala
2024.04.26 17:42:50 WARN  no build target for: /nfs/home/zhaotiankun/workspace/ChipDesign/src/main/scala/xCache/Second.scala
2024.04.26 17:42:55 WARN  no build target for: /nfs/home/zhaotiankun/workspace/ChipDesign/src/main/scala/xCache/Second.scala
2024.04.26 17:42:57 WARN  no build target for: /nfs/home/zhaotiankun/workspace/ChipDesign/src/main/scala/xCache/Second.scala
2024.04.26 17:43:00 WARN  no build target for: /nfs/home/zhaotiankun/workspace/ChipDesign/src/main/scala/xCache/Second.scala
2024.04.26 17:43:08 WARN  no build target for: /nfs/home/zhaotiankun/workspace/ChipDesign/src/main/scala/xCache/Second.scala
2024.04.26 17:43:33 WARN  no build target for: /nfs/home/zhaotiankun/workspace/ChipDesign/src/main/scala/xCache/Second.scala
2024.04.26 17:43:37 WARN  no build target for: /nfs/home/zhaotiankun/workspace/ChipDesign/src/main/scala/xCache/Second.scala
2024.04.26 17:43:49 WARN  no build target for: /nfs/home/zhaotiankun/workspace/ChipDesign/src/main/scala/xCache/Second.scala
2024.04.26 17:45:24 WARN  Could not find semantic tokens for: file:///nfs/home/zhaotiankun/workspace/ChipDesign/src/test/scala/SecondTest.scala
2024.04.26 17:45:38 WARN  Could not find semantic tokens for: file:///nfs/home/zhaotiankun/workspace/ChipDesign/src/test/scala/SecondTest.scala
2024.04.26 17:45:39 WARN  no build target for: /nfs/home/zhaotiankun/workspace/ChipDesign/src/test/scala/SecondTest.scala
2024.04.26 17:45:41 WARN  no build target for: /nfs/home/zhaotiankun/workspace/ChipDesign/src/test/scala/SecondTest.scala
2024.04.26 17:45:43 WARN  no build target for: /nfs/home/zhaotiankun/workspace/ChipDesign/src/test/scala/SecondTest.scala
2024.04.26 17:45:47 WARN  no build target for: /nfs/home/zhaotiankun/workspace/ChipDesign/src/test/scala/SecondTest.scala
2024.04.26 17:45:52 WARN  no build target for: /nfs/home/zhaotiankun/workspace/ChipDesign/src/test/scala/SecondTest.scala
2024.04.26 17:45:56 WARN  no build target for: /nfs/home/zhaotiankun/workspace/ChipDesign/src/test/scala/SecondTest.scala
2024.04.26 17:47:50 ERROR Failed to tokenize input for semantic tokens for /nfs/home/zhaotiankun/workspace/ChipDesign/src/test/scala/SecondTest.scala
scala.meta.tokenizers.TokenizeException: <input>:26: error: illegal character '\u2014'
————————————————
^
	at scala.meta.internal.tokenizers.Reporter.syntaxError(Reporter.scala:23)
	at scala.meta.internal.tokenizers.Reporter.syntaxError$(Reporter.scala:23)
	at scala.meta.internal.tokenizers.Reporter$$anon$1.syntaxError(Reporter.scala:33)
	at scala.meta.internal.tokenizers.Reporter.syntaxError(Reporter.scala:25)
	at scala.meta.internal.tokenizers.Reporter.syntaxError$(Reporter.scala:25)
	at scala.meta.internal.tokenizers.Reporter$$anon$1.syntaxError(Reporter.scala:33)
	at scala.meta.internal.tokenizers.LegacyScanner.fetchOther$1(LegacyScanner.scala:476)
	at scala.meta.internal.tokenizers.LegacyScanner.fetchToken(LegacyScanner.scala:481)
	at scala.meta.internal.tokenizers.LegacyScanner.nextToken(LegacyScanner.scala:214)
	at scala.meta.internal.tokenizers.LegacyScanner.foreach(LegacyScanner.scala:982)
	at scala.meta.internal.tokenizers.ScalametaTokenizer.uncachedTokenize(ScalametaTokenizer.scala:23)
	at scala.meta.internal.tokenizers.ScalametaTokenizer.$anonfun$tokenize$1(ScalametaTokenizer.scala:16)
	at scala.collection.concurrent.TrieMap.getOrElseUpdate(TrieMap.scala:960)
	at scala.meta.internal.tokenizers.ScalametaTokenizer.tokenize(ScalametaTokenizer.scala:16)
	at scala.meta.internal.tokenizers.ScalametaTokenizer$$anon$2.apply(ScalametaTokenizer.scala:331)
	at scala.meta.tokenizers.Api$XtensionTokenizeDialectInput.tokenize(Api.scala:25)
	at scala.meta.tokenizers.Api$XtensionTokenizeInputLike.tokenize(Api.scala:14)
	at scala.meta.internal.metals.SemanticTokensProvider$.getTokens(SemanticTokensProvider.scala:28)
	at scala.meta.internal.metals.SemanticTokensProvider$.provide(SemanticTokensProvider.scala:89)
	at scala.meta.internal.metals.Compilers.$anonfun$semanticTokens$3(Compilers.scala:597)
	at scala.concurrent.impl.Promise$Transformation.run(Promise.scala:467)
	at java.util.concurrent.ThreadPoolExecutor.runWorker(ThreadPoolExecutor.java:1136)
	at java.util.concurrent.ThreadPoolExecutor$Worker.run(ThreadPoolExecutor.java:635)
	at java.lang.Thread.run(Thread.java:840)

2024.04.26 17:47:51 WARN  no build target for: /nfs/home/zhaotiankun/workspace/ChipDesign/src/test/scala/SecondTest.scala
2024.04.26 17:47:51 ERROR Failed to tokenize input for semantic tokens for /nfs/home/zhaotiankun/workspace/ChipDesign/src/test/scala/SecondTest.scala
scala.meta.tokenizers.TokenizeException: <input>:26: error: illegal character '\u2014'
————————————————
^
	at scala.meta.internal.tokenizers.Reporter.syntaxError(Reporter.scala:23)
	at scala.meta.internal.tokenizers.Reporter.syntaxError$(Reporter.scala:23)
	at scala.meta.internal.tokenizers.Reporter$$anon$1.syntaxError(Reporter.scala:33)
	at scala.meta.internal.tokenizers.Reporter.syntaxError(Reporter.scala:25)
	at scala.meta.internal.tokenizers.Reporter.syntaxError$(Reporter.scala:25)
	at scala.meta.internal.tokenizers.Reporter$$anon$1.syntaxError(Reporter.scala:33)
	at scala.meta.internal.tokenizers.LegacyScanner.fetchOther$1(LegacyScanner.scala:476)
	at scala.meta.internal.tokenizers.LegacyScanner.fetchToken(LegacyScanner.scala:481)
	at scala.meta.internal.tokenizers.LegacyScanner.nextToken(LegacyScanner.scala:214)
	at scala.meta.internal.tokenizers.LegacyScanner.foreach(LegacyScanner.scala:982)
	at scala.meta.internal.tokenizers.ScalametaTokenizer.uncachedTokenize(ScalametaTokenizer.scala:23)
	at scala.meta.internal.tokenizers.ScalametaTokenizer.$anonfun$tokenize$1(ScalametaTokenizer.scala:16)
	at scala.collection.concurrent.TrieMap.getOrElseUpdate(TrieMap.scala:960)
	at scala.meta.internal.tokenizers.ScalametaTokenizer.tokenize(ScalametaTokenizer.scala:16)
	at scala.meta.internal.tokenizers.ScalametaTokenizer$$anon$2.apply(ScalametaTokenizer.scala:331)
	at scala.meta.tokenizers.Api$XtensionTokenizeDialectInput.tokenize(Api.scala:25)
	at scala.meta.tokenizers.Api$XtensionTokenizeInputLike.tokenize(Api.scala:14)
	at scala.meta.internal.metals.SemanticTokensProvider$.getTokens(SemanticTokensProvider.scala:28)
	at scala.meta.internal.metals.SemanticTokensProvider$.provide(SemanticTokensProvider.scala:89)
	at scala.meta.internal.metals.Compilers.$anonfun$semanticTokens$3(Compilers.scala:597)
	at scala.concurrent.impl.Promise$Transformation.run(Promise.scala:467)
	at java.util.concurrent.ThreadPoolExecutor.runWorker(ThreadPoolExecutor.java:1136)
	at java.util.concurrent.ThreadPoolExecutor$Worker.run(ThreadPoolExecutor.java:635)
	at java.lang.Thread.run(Thread.java:840)

2024.04.26 17:47:57 WARN  no build target for: /nfs/home/zhaotiankun/workspace/ChipDesign/src/test/scala/SecondTest.scala
2024.04.26 17:48:01 WARN  no build target for: /nfs/home/zhaotiankun/workspace/ChipDesign/src/test/scala/SecondTest.scala
2024.04.26 17:48:05 WARN  no build target for: /nfs/home/zhaotiankun/workspace/ChipDesign/src/test/scala/SecondTest.scala
2024.04.26 17:48:12 WARN  no build target for: /nfs/home/zhaotiankun/workspace/ChipDesign/src/test/scala/SecondTest.scala
2024.04.26 17:48:14 WARN  no build target for: /nfs/home/zhaotiankun/workspace/ChipDesign/src/test/scala/SecondTest.scala
Apr 26, 2024 5:48:17 PM scala.meta.internal.pc.CompilerAccess handleError
SEVERE: A severe compiler error occurred, full details of the error can be found in the error report /nfs/home/zhaotiankun/workspace/ChipDesign/.metals/.reports/metals-full/2024-04-26/r_compiler-error_17-48-17-328.md
2024.04.26 17:48:18 WARN  no build target for: /nfs/home/zhaotiankun/workspace/ChipDesign/src/test/scala/SecondTest.scala
2024.04.26 17:48:20 WARN  no build target for: /nfs/home/zhaotiankun/workspace/ChipDesign/src/test/scala/SecondTest.scala
2024.04.26 17:48:22 WARN  no build target for: /nfs/home/zhaotiankun/workspace/ChipDesign/src/test/scala/SecondTest.scala
2024.04.26 17:48:25 WARN  no build target for: /nfs/home/zhaotiankun/workspace/ChipDesign/src/test/scala/SecondTest.scala
2024.04.26 17:48:30 WARN  no build target for: /nfs/home/zhaotiankun/workspace/ChipDesign/src/test/scala/SecondTest.scala
Apr 26, 2024 5:48:34 PM scala.meta.internal.pc.CompilerAccess handleError
SEVERE: A severe compiler error occurred, full details of the error can be found in the error report /nfs/home/zhaotiankun/workspace/ChipDesign/.metals/.reports/metals-full/2024-04-26/r_compiler-error_17-48-34-457.md
2024.04.26 17:48:35 WARN  no build target for: /nfs/home/zhaotiankun/workspace/ChipDesign/src/test/scala/SecondTest.scala
2024.04.26 17:48:36 WARN  no build target for: /nfs/home/zhaotiankun/workspace/ChipDesign/src/test/scala/SecondTest.scala
2024.04.26 17:48:38 WARN  no build target for: /nfs/home/zhaotiankun/workspace/ChipDesign/src/test/scala/SecondTest.scala
2024.04.26 17:48:42 WARN  no build target for: /nfs/home/zhaotiankun/workspace/ChipDesign/src/test/scala/SecondTest.scala
2024.04.26 17:48:45 WARN  no build target for: /nfs/home/zhaotiankun/workspace/ChipDesign/src/test/scala/SecondTest.scala
2024.04.26 17:48:48 WARN  no build target for: /nfs/home/zhaotiankun/workspace/ChipDesign/src/test/scala/SecondTest.scala
Apr 26, 2024 5:48:49 PM scala.meta.internal.pc.CompilerAccess handleError
SEVERE: A severe compiler error occurred, full details of the error can be found in the error report /nfs/home/zhaotiankun/workspace/ChipDesign/.metals/.reports/metals-full/2024-04-26/r_compiler-error_17-48-49-673.md
2024.04.26 17:48:52 WARN  no build target for: /nfs/home/zhaotiankun/workspace/ChipDesign/src/test/scala/SecondTest.scala
2024.04.26 17:48:55 WARN  no build target for: /nfs/home/zhaotiankun/workspace/ChipDesign/src/test/scala/SecondTest.scala
2024.04.26 17:48:58 WARN  no build target for: /nfs/home/zhaotiankun/workspace/ChipDesign/src/test/scala/SecondTest.scala
2024.04.26 17:49:02 WARN  no build target for: /nfs/home/zhaotiankun/workspace/ChipDesign/src/test/scala/SecondTest.scala
Apr 26, 2024 5:49:02 PM scala.meta.internal.pc.CompilerAccess handleError
SEVERE: A severe compiler error occurred, full details of the error can be found in the error report /nfs/home/zhaotiankun/workspace/ChipDesign/.metals/.reports/metals-full/2024-04-26/r_compiler-error_17-49-02-905.md
2024.04.26 17:49:05 WARN  no build target for: /nfs/home/zhaotiankun/workspace/ChipDesign/src/test/scala/SecondTest.scala
2024.04.26 17:49:20 WARN  no build target for: /nfs/home/zhaotiankun/workspace/ChipDesign/src/test/scala/SecondTest.scala
2024.04.26 17:49:20 WARN  no build target for: /nfs/home/zhaotiankun/workspace/ChipDesign/src/test/scala/SecondTest.scala
2024.04.26 17:49:30 WARN  no build target for: /nfs/home/zhaotiankun/workspace/ChipDesign/src/test/scala/SecondTest.scala
2024.04.26 17:49:30 WARN  no build target for: /nfs/home/zhaotiankun/workspace/ChipDesign/src/test/scala/SecondTest.scala
2024.04.26 17:49:42 WARN  no build target for: /nfs/home/zhaotiankun/workspace/ChipDesign/src/test/scala/SecondTest.scala
2024.04.26 17:50:10 WARN  no build target for: /nfs/home/zhaotiankun/workspace/ChipDesign/src/main/scala/xCache/Second.scala
2024.04.26 17:50:54 WARN  no build target for: /nfs/home/zhaotiankun/workspace/ChipDesign/src/main/scala/xCache/Second.scala
Apr 26, 2024 5:50:55 PM org.eclipse.lsp4j.jsonrpc.RemoteEndpoint handleCancellation
WARNING: Unmatched cancel notification for request id 1314
2024.04.26 17:50:56 WARN  no build target for: /nfs/home/zhaotiankun/workspace/ChipDesign/src/main/scala/xCache/Second.scala
2024.04.26 17:50:59 WARN  no build target for: /nfs/home/zhaotiankun/workspace/ChipDesign/src/main/scala/xCache/Second.scala
2024.04.26 17:51:02 WARN  no build target for: /nfs/home/zhaotiankun/workspace/ChipDesign/src/test/scala/SecondTest.scala
2024.04.26 17:51:06 WARN  no build target for: /nfs/home/zhaotiankun/workspace/ChipDesign/src/test/scala/SecondTest.scala
2024.04.26 17:51:10 WARN  no build target for: /nfs/home/zhaotiankun/workspace/ChipDesign/src/test/scala/SecondTest.scala
2024.04.26 17:51:13 WARN  no build target for: /nfs/home/zhaotiankun/workspace/ChipDesign/src/test/scala/SecondTest.scala
2024.04.26 17:51:18 WARN  no build target for: /nfs/home/zhaotiankun/workspace/ChipDesign/src/test/scala/SecondTest.scala
2024.04.26 17:51:20 WARN  no build target for: /nfs/home/zhaotiankun/workspace/ChipDesign/src/test/scala/SecondTest.scala
2024.04.26 17:51:32 WARN  no build target for: /nfs/home/zhaotiankun/workspace/ChipDesign/src/test/scala/SecondTest.scala
2024.04.26 17:51:39 WARN  no build target for: /nfs/home/zhaotiankun/workspace/ChipDesign/src/test/scala/SecondTest.scala
2024.04.26 17:51:42 WARN  no build target for: /nfs/home/zhaotiankun/workspace/ChipDesign/src/test/scala/SecondTest.scala
Apr 26, 2024 5:51:42 PM org.eclipse.lsp4j.jsonrpc.RemoteEndpoint handleCancellation
WARNING: Unmatched cancel notification for request id 1567
2024.04.26 17:51:46 WARN  no build target for: /nfs/home/zhaotiankun/workspace/ChipDesign/src/test/scala/SecondTest.scala
2024.04.26 17:51:47 WARN  no build target for: /nfs/home/zhaotiankun/workspace/ChipDesign/src/test/scala/SecondTest.scala
2024.04.26 17:51:51 WARN  no build target for: /nfs/home/zhaotiankun/workspace/ChipDesign/src/test/scala/SecondTest.scala
2024.04.26 17:51:51 WARN  no build target for: /nfs/home/zhaotiankun/workspace/ChipDesign/src/test/scala/SecondTest.scala
2024.04.26 17:51:54 WARN  no build target for: /nfs/home/zhaotiankun/workspace/ChipDesign/src/test/scala/SecondTest.scala
2024.04.26 17:52:31 WARN  no build target for: /nfs/home/zhaotiankun/workspace/ChipDesign/src/test/scala/FirstTest.scala
2024.04.26 17:54:57 WARN  no build target for: /nfs/home/zhaotiankun/workspace/ChipDesign/src/test/scala/SecondTest.scala
2024.04.26 17:55:00 WARN  no build target for: /nfs/home/zhaotiankun/workspace/ChipDesign/src/test/scala/SecondTest.scala
2024.04.26 17:55:03 WARN  no build target for: /nfs/home/zhaotiankun/workspace/ChipDesign/src/test/scala/SecondTest.scala
2024.04.26 17:55:56 WARN  no build target for: /nfs/home/zhaotiankun/workspace/ChipDesign/src/main/scala/xCache/Second.scala
2024.04.26 17:56:00 WARN  no build target for: /nfs/home/zhaotiankun/workspace/ChipDesign/src/test/scala/SecondTest.scala
2024.04.26 17:56:17 WARN  no build target for: /nfs/home/zhaotiankun/workspace/ChipDesign/src/main/scala/xCache/Second.scala
Apr 26, 2024 5:56:19 PM org.eclipse.lsp4j.jsonrpc.RemoteEndpoint handleCancellation
WARNING: Unmatched cancel notification for request id 1778
2024.04.26 17:56:21 WARN  no build target for: /nfs/home/zhaotiankun/workspace/ChipDesign/src/main/scala/xCache/Second.scala
2024.04.26 17:56:21 WARN  no build target for: /nfs/home/zhaotiankun/workspace/ChipDesign/src/main/scala/xCache/Second.scala
2024.04.26 17:56:25 WARN  no build target for: /nfs/home/zhaotiankun/workspace/ChipDesign/src/main/scala/xCache/Second.scala
2024.04.26 17:56:26 WARN  no build target for: /nfs/home/zhaotiankun/workspace/ChipDesign/src/main/scala/xCache/Second.scala
2024.04.26 17:56:27 WARN  no build target for: /nfs/home/zhaotiankun/workspace/ChipDesign/src/main/scala/xCache/Second.scala
2024.04.26 17:56:53 WARN  no build target for: /nfs/home/zhaotiankun/workspace/ChipDesign/src/main/scala/xCache/Second.scala
2024.04.26 17:56:54 WARN  no build target for: /nfs/home/zhaotiankun/workspace/ChipDesign/src/main/scala/xCache/Second.scala
2024.04.26 17:57:03 WARN  no build target for: /nfs/home/zhaotiankun/workspace/ChipDesign/src/test/scala/FirstTest.scala
2024.04.26 17:57:16 WARN  no build target for: /nfs/home/zhaotiankun/workspace/ChipDesign/src/test/scala/FirstTest.scala
2024.04.26 17:57:18 WARN  no build target for: /nfs/home/zhaotiankun/workspace/ChipDesign/src/test/scala/FirstTest.scala
2024.04.26 17:57:26 WARN  no build target for: /nfs/home/zhaotiankun/workspace/ChipDesign/src/test/scala/SecondTest.scala
2024.04.26 17:57:29 WARN  no build target for: /nfs/home/zhaotiankun/workspace/ChipDesign/src/test/scala/SecondTest.scala
2024.04.26 17:57:31 WARN  no build target for: /nfs/home/zhaotiankun/workspace/ChipDesign/src/test/scala/SecondTest.scala
2024.04.26 17:57:32 WARN  no build target for: /nfs/home/zhaotiankun/workspace/ChipDesign/src/test/scala/SecondTest.scala
Apr 26, 2024 5:57:34 PM org.eclipse.lsp4j.jsonrpc.RemoteEndpoint handleCancellation
WARNING: Unmatched cancel notification for request id 1933
2024.04.26 17:57:36 WARN  no build target for: /nfs/home/zhaotiankun/workspace/ChipDesign/src/test/scala/SecondTest.scala
2024.04.26 17:57:43 WARN  no build target for: /nfs/home/zhaotiankun/workspace/ChipDesign/src/test/scala/SecondTest.scala
2024.04.26 17:57:43 WARN  no build target for: /nfs/home/zhaotiankun/workspace/ChipDesign/src/test/scala/SecondTest.scala
Apr 26, 2024 5:57:44 PM org.eclipse.lsp4j.jsonrpc.RemoteEndpoint handleCancellation
WARNING: Unmatched cancel notification for request id 1973
Apr 26, 2024 5:59:57 PM org.eclipse.lsp4j.jsonrpc.RemoteEndpoint handleCancellation
WARNING: Unmatched cancel notification for request id 1996
2024.04.26 19:30:20 INFO  Shutting down server
2024.04.26 19:30:20 INFO  shutting down Metals
2024.04.26 19:30:20 ERROR Unexpected error initializing server: 
org.eclipse.lsp4j.jsonrpc.ResponseErrorException: Request window/showMessageRequest failed with message: Canceled
	at org.eclipse.lsp4j.jsonrpc.RemoteEndpoint.handleResponse(RemoteEndpoint.java:209)
	at org.eclipse.lsp4j.jsonrpc.RemoteEndpoint.consume(RemoteEndpoint.java:193)
	at org.eclipse.lsp4j.jsonrpc.json.StreamMessageProducer.handleMessage(StreamMessageProducer.java:194)
	at org.eclipse.lsp4j.jsonrpc.json.StreamMessageProducer.listen(StreamMessageProducer.java:94)
	at org.eclipse.lsp4j.jsonrpc.json.ConcurrentMessageProcessor.run(ConcurrentMessageProcessor.java:113)
	at java.util.concurrent.Executors$RunnableAdapter.call(Executors.java:539)
	at java.util.concurrent.FutureTask.run(FutureTask.java:264)
	at java.util.concurrent.ThreadPoolExecutor.runWorker(ThreadPoolExecutor.java:1136)
	at java.util.concurrent.ThreadPoolExecutor$Worker.run(ThreadPoolExecutor.java:635)
	at java.lang.Thread.run(Thread.java:840)

2024.04.26 19:30:20 INFO  Exiting server
2024.04.28 09:34:37 INFO  Started: Metals version 1.3.0 in folders '/nfs/home/zhaotiankun/workspace/ChipDesign' for client Visual Studio Code 1.88.1.
SLF4J: Class path contains multiple SLF4J providers.
SLF4J: Found provider [scribe.slf4j.ScribeServiceProvider@2e74efbd]
SLF4J: Found provider [ch.qos.logback.classic.spi.LogbackServiceProvider@175f8599]
SLF4J: See https://www.slf4j.org/codes.html#multiple_bindings for an explanation.
SLF4J: Actual provider is of type [scribe.slf4j.ScribeServiceProvider@2e74efbd]
2024.04.28 09:34:37 WARN  Flyway upgrade recommended: H2 2.2.224 is newer than this version of Flyway and support has not been tested. The latest supported version of H2 is 2.2.220.
DanglingParentheses: top-level presets deprecated; use 'preset' subsection
2024.04.28 09:34:55 INFO  no build target found for /nfs/home/zhaotiankun/workspace/ChipDesign/src/main/scala/xCache/First.scala. Using presentation compiler with project's scala-library version: 3.3.3
2024.04.28 10:01:31 WARN  Could not find semantic tokens for: file:///nfs/home/zhaotiankun/workspace/ChipDesign/src/main/scala/xCache/First.scala
2024.04.28 10:01:39 WARN  Could not find semantic tokens for: file:///nfs/home/zhaotiankun/workspace/ChipDesign/src/main/scala/xCache/First.scala
2024.04.28 10:01:40 WARN  Could not find semantic tokens for: file:///nfs/home/zhaotiankun/workspace/ChipDesign/src/main/scala/xCache/First.scala
2024.04.28 10:01:40 WARN  Could not find semantic tokens for: file:///nfs/home/zhaotiankun/workspace/ChipDesign/src/main/scala/xCache/First.scala
2024.04.28 10:01:41 WARN  Could not find semantic tokens for: file:///nfs/home/zhaotiankun/workspace/ChipDesign/src/main/scala/xCache/First.scala
2024.04.28 10:01:41 WARN  Could not find semantic tokens for: file:///nfs/home/zhaotiankun/workspace/ChipDesign/src/main/scala/xCache/First.scala
2024.04.28 10:01:42 WARN  Could not find semantic tokens for: file:///nfs/home/zhaotiankun/workspace/ChipDesign/src/main/scala/xCache/First.scala
2024.04.28 10:01:43 WARN  Could not find semantic tokens for: file:///nfs/home/zhaotiankun/workspace/ChipDesign/src/main/scala/xCache/First.scala
2024.04.28 10:01:44 WARN  Could not find semantic tokens for: file:///nfs/home/zhaotiankun/workspace/ChipDesign/src/main/scala/xCache/First.scala
2024.04.28 10:01:44 WARN  Could not find semantic tokens for: file:///nfs/home/zhaotiankun/workspace/ChipDesign/src/main/scala/xCache/First.scala
2024.04.28 10:01:45 WARN  no build target for: /nfs/home/zhaotiankun/workspace/ChipDesign/src/main/scala/xCache/First.scala
2024.04.28 10:01:45 WARN  Could not find semantic tokens for: file:///nfs/home/zhaotiankun/workspace/ChipDesign/src/main/scala/xCache/First.scala
2024.04.28 10:01:45 WARN  Could not find semantic tokens for: file:///nfs/home/zhaotiankun/workspace/ChipDesign/src/main/scala/xCache/First.scala
2024.04.28 10:01:46 WARN  Could not find semantic tokens for: file:///nfs/home/zhaotiankun/workspace/ChipDesign/src/main/scala/xCache/First.scala
2024.04.28 10:01:47 WARN  Could not find semantic tokens for: file:///nfs/home/zhaotiankun/workspace/ChipDesign/src/main/scala/xCache/First.scala
2024.04.28 10:01:47 WARN  no build target for: /nfs/home/zhaotiankun/workspace/ChipDesign/src/main/scala/xCache/First.scala
2024.04.28 10:01:47 WARN  Could not find semantic tokens for: file:///nfs/home/zhaotiankun/workspace/ChipDesign/src/main/scala/xCache/First.scala
2024.04.28 10:01:48 WARN  Could not find semantic tokens for: file:///nfs/home/zhaotiankun/workspace/ChipDesign/src/main/scala/xCache/First.scala
2024.04.28 10:01:49 WARN  no build target for: /nfs/home/zhaotiankun/workspace/ChipDesign/src/main/scala/xCache/First.scala
2024.04.28 10:01:48 WARN  Could not find semantic tokens for: file:///nfs/home/zhaotiankun/workspace/ChipDesign/src/main/scala/xCache/First.scala
2024.04.28 10:01:49 WARN  Could not find semantic tokens for: file:///nfs/home/zhaotiankun/workspace/ChipDesign/src/main/scala/xCache/First.scala
2024.04.28 10:01:50 WARN  no build target for: /nfs/home/zhaotiankun/workspace/ChipDesign/src/main/scala/xCache/First.scala
2024.04.28 10:01:49 WARN  Could not find semantic tokens for: file:///nfs/home/zhaotiankun/workspace/ChipDesign/src/main/scala/xCache/First.scala
2024.04.28 10:01:52 WARN  Could not find semantic tokens for: file:///nfs/home/zhaotiankun/workspace/ChipDesign/src/main/scala/xCache/First.scala
2024.04.28 10:01:53 WARN  Could not find semantic tokens for: file:///nfs/home/zhaotiankun/workspace/ChipDesign/src/main/scala/xCache/First.scala
2024.04.28 10:01:54 WARN  no build target for: /nfs/home/zhaotiankun/workspace/ChipDesign/src/main/scala/xCache/First.scala
2024.04.28 10:01:54 WARN  Could not find semantic tokens for: file:///nfs/home/zhaotiankun/workspace/ChipDesign/src/main/scala/xCache/First.scala
2024.04.28 10:01:54 WARN  Could not find semantic tokens for: file:///nfs/home/zhaotiankun/workspace/ChipDesign/src/main/scala/xCache/First.scala
2024.04.28 10:01:55 WARN  Could not find semantic tokens for: file:///nfs/home/zhaotiankun/workspace/ChipDesign/src/main/scala/xCache/First.scala
2024.04.28 10:01:57 WARN  no build target for: /nfs/home/zhaotiankun/workspace/ChipDesign/src/main/scala/xCache/First.scala
2024.04.28 10:01:59 WARN  no build target for: /nfs/home/zhaotiankun/workspace/ChipDesign/src/main/scala/xCache/First.scala
2024.04.28 10:02:02 WARN  no build target for: /nfs/home/zhaotiankun/workspace/ChipDesign/src/main/scala/xCache/First.scala
2024.04.28 10:02:04 WARN  no build target for: /nfs/home/zhaotiankun/workspace/ChipDesign/src/main/scala/xCache/First.scala
2024.04.28 10:02:07 WARN  no build target for: /nfs/home/zhaotiankun/workspace/ChipDesign/src/main/scala/xCache/First.scala
2024.04.28 10:02:08 WARN  no build target for: /nfs/home/zhaotiankun/workspace/ChipDesign/src/main/scala/xCache/First.scala
2024.04.28 10:02:10 WARN  no build target for: /nfs/home/zhaotiankun/workspace/ChipDesign/src/main/scala/xCache/First.scala
2024.04.28 10:02:13 WARN  no build target for: /nfs/home/zhaotiankun/workspace/ChipDesign/src/main/scala/xCache/First.scala
2024.04.28 10:02:15 WARN  no build target for: /nfs/home/zhaotiankun/workspace/ChipDesign/src/main/scala/xCache/First.scala
2024.04.28 10:02:16 WARN  no build target for: /nfs/home/zhaotiankun/workspace/ChipDesign/src/main/scala/xCache/First.scala
2024.04.28 10:02:19 WARN  no build target for: /nfs/home/zhaotiankun/workspace/ChipDesign/src/main/scala/xCache/First.scala
2024.04.28 10:02:23 WARN  no build target for: /nfs/home/zhaotiankun/workspace/ChipDesign/src/main/scala/xCache/First.scala
2024.04.28 10:02:31 WARN  no build target for: /nfs/home/zhaotiankun/workspace/ChipDesign/src/main/scala/xCache/First.scala
2024.04.28 10:02:34 WARN  no build target for: /nfs/home/zhaotiankun/workspace/ChipDesign/src/main/scala/xCache/First.scala
2024.04.28 10:02:42 WARN  no build target for: /nfs/home/zhaotiankun/workspace/ChipDesign/src/main/scala/xCache/First.scala
2024.04.28 10:02:43 WARN  no build target for: /nfs/home/zhaotiankun/workspace/ChipDesign/src/main/scala/xCache/First.scala
2024.04.28 10:02:46 WARN  no build target for: /nfs/home/zhaotiankun/workspace/ChipDesign/src/main/scala/xCache/First.scala
2024.04.28 10:02:48 WARN  no build target for: /nfs/home/zhaotiankun/workspace/ChipDesign/src/main/scala/xCache/First.scala
2024.04.28 10:02:55 WARN  no build target for: /nfs/home/zhaotiankun/workspace/ChipDesign/src/main/scala/xCache/First.scala
2024.04.28 10:02:58 WARN  no build target for: /nfs/home/zhaotiankun/workspace/ChipDesign/src/main/scala/xCache/First.scala
2024.04.28 10:03:01 WARN  no build target for: /nfs/home/zhaotiankun/workspace/ChipDesign/src/main/scala/xCache/First.scala
2024.04.28 10:03:04 WARN  no build target for: /nfs/home/zhaotiankun/workspace/ChipDesign/src/main/scala/xCache/First.scala
2024.04.28 10:03:06 WARN  no build target for: /nfs/home/zhaotiankun/workspace/ChipDesign/src/main/scala/xCache/First.scala
Apr 28, 2024 10:03:08 AM org.eclipse.lsp4j.jsonrpc.RemoteEndpoint handleCancellation
WARNING: Unmatched cancel notification for request id 703
2024.04.28 10:03:12 WARN  no build target for: /nfs/home/zhaotiankun/workspace/ChipDesign/src/main/scala/xCache/First.scala
2024.04.28 10:03:14 WARN  no build target for: /nfs/home/zhaotiankun/workspace/ChipDesign/src/main/scala/xCache/First.scala
2024.04.28 10:03:18 WARN  no build target for: /nfs/home/zhaotiankun/workspace/ChipDesign/src/main/scala/xCache/First.scala
2024.04.28 10:03:22 WARN  no build target for: /nfs/home/zhaotiankun/workspace/ChipDesign/src/main/scala/xCache/First.scala
2024.04.28 10:03:30 WARN  no build target for: /nfs/home/zhaotiankun/workspace/ChipDesign/src/main/scala/xCache/First.scala
Apr 28, 2024 10:03:32 AM org.eclipse.lsp4j.jsonrpc.RemoteEndpoint handleCancellation
WARNING: Unmatched cancel notification for request id 824
2024.04.28 10:03:33 WARN  no build target for: /nfs/home/zhaotiankun/workspace/ChipDesign/src/main/scala/xCache/First.scala
2024.04.28 10:03:35 WARN  no build target for: /nfs/home/zhaotiankun/workspace/ChipDesign/src/main/scala/xCache/First.scala
2024.04.28 10:03:46 WARN  no build target for: /nfs/home/zhaotiankun/workspace/ChipDesign/src/main/scala/xCache/First.scala
2024.04.28 10:03:49 WARN  no build target for: /nfs/home/zhaotiankun/workspace/ChipDesign/src/main/scala/xCache/First.scala
2024.04.28 10:03:50 WARN  no build target for: /nfs/home/zhaotiankun/workspace/ChipDesign/src/main/scala/xCache/First.scala
2024.04.28 10:03:52 WARN  no build target for: /nfs/home/zhaotiankun/workspace/ChipDesign/src/main/scala/xCache/First.scala
2024.04.28 10:03:55 WARN  no build target for: /nfs/home/zhaotiankun/workspace/ChipDesign/src/main/scala/xCache/First.scala
2024.04.28 10:03:58 WARN  no build target for: /nfs/home/zhaotiankun/workspace/ChipDesign/src/main/scala/xCache/First.scala
2024.04.28 10:04:01 WARN  no build target for: /nfs/home/zhaotiankun/workspace/ChipDesign/src/main/scala/xCache/First.scala
2024.04.28 10:04:07 WARN  no build target for: /nfs/home/zhaotiankun/workspace/ChipDesign/src/main/scala/xCache/First.scala
2024.04.28 10:04:08 WARN  no build target for: /nfs/home/zhaotiankun/workspace/ChipDesign/src/main/scala/xCache/First.scala
2024.04.28 10:04:10 WARN  no build target for: /nfs/home/zhaotiankun/workspace/ChipDesign/src/main/scala/xCache/First.scala
2024.04.28 10:04:11 WARN  no build target for: /nfs/home/zhaotiankun/workspace/ChipDesign/src/main/scala/xCache/First.scala
2024.04.28 10:04:14 WARN  no build target for: /nfs/home/zhaotiankun/workspace/ChipDesign/src/main/scala/xCache/First.scala
2024.04.28 10:04:19 WARN  no build target for: /nfs/home/zhaotiankun/workspace/ChipDesign/src/main/scala/xCache/First.scala
2024.04.28 10:04:22 WARN  no build target for: /nfs/home/zhaotiankun/workspace/ChipDesign/src/main/scala/xCache/First.scala
2024.04.28 10:04:26 WARN  no build target for: /nfs/home/zhaotiankun/workspace/ChipDesign/src/main/scala/xCache/First.scala
2024.04.28 10:04:32 WARN  no build target for: /nfs/home/zhaotiankun/workspace/ChipDesign/src/main/scala/xCache/First.scala
2024.04.28 10:04:34 WARN  no build target for: /nfs/home/zhaotiankun/workspace/ChipDesign/src/main/scala/xCache/First.scala
2024.04.28 10:04:38 WARN  no build target for: /nfs/home/zhaotiankun/workspace/ChipDesign/src/main/scala/xCache/First.scala
2024.04.28 10:04:41 WARN  no build target for: /nfs/home/zhaotiankun/workspace/ChipDesign/src/main/scala/xCache/First.scala
2024.04.28 10:04:43 WARN  no build target for: /nfs/home/zhaotiankun/workspace/ChipDesign/src/main/scala/xCache/First.scala
2024.04.28 10:04:45 WARN  no build target for: /nfs/home/zhaotiankun/workspace/ChipDesign/src/main/scala/xCache/First.scala
2024.04.28 10:04:48 WARN  no build target for: /nfs/home/zhaotiankun/workspace/ChipDesign/src/main/scala/xCache/First.scala
2024.04.28 10:04:51 WARN  no build target for: /nfs/home/zhaotiankun/workspace/ChipDesign/src/main/scala/xCache/First.scala
Apr 28, 2024 10:04:52 AM org.eclipse.lsp4j.jsonrpc.RemoteEndpoint handleCancellation
WARNING: Unmatched cancel notification for request id 1221
2024.04.28 10:04:54 WARN  no build target for: /nfs/home/zhaotiankun/workspace/ChipDesign/src/main/scala/xCache/First.scala
2024.04.28 10:04:56 WARN  no build target for: /nfs/home/zhaotiankun/workspace/ChipDesign/src/main/scala/xCache/First.scala
2024.04.28 10:04:57 WARN  no build target for: /nfs/home/zhaotiankun/workspace/ChipDesign/src/main/scala/xCache/First.scala
2024.04.28 10:04:59 WARN  no build target for: /nfs/home/zhaotiankun/workspace/ChipDesign/src/main/scala/xCache/First.scala
2024.04.28 10:05:01 WARN  no build target for: /nfs/home/zhaotiankun/workspace/ChipDesign/src/main/scala/xCache/First.scala
2024.04.28 10:05:04 WARN  no build target for: /nfs/home/zhaotiankun/workspace/ChipDesign/src/main/scala/xCache/First.scala
2024.04.28 10:05:09 WARN  no build target for: /nfs/home/zhaotiankun/workspace/ChipDesign/src/main/scala/xCache/First.scala
2024.04.28 10:05:14 WARN  no build target for: /nfs/home/zhaotiankun/workspace/ChipDesign/src/main/scala/xCache/First.scala
2024.04.28 10:05:16 WARN  no build target for: /nfs/home/zhaotiankun/workspace/ChipDesign/src/main/scala/xCache/First.scala
2024.04.28 10:20:13 WARN  Could not find semantic tokens for: file:///nfs/home/zhaotiankun/workspace/ChipDesign/src/main/scala/xCache/First.scala
2024.04.28 10:20:14 WARN  no build target for: /nfs/home/zhaotiankun/workspace/ChipDesign/src/main/scala/xCache/First.scala
2024.04.28 10:20:14 WARN  Could not find semantic tokens for: file:///nfs/home/zhaotiankun/workspace/ChipDesign/src/main/scala/xCache/First.scala
Apr 28, 2024 11:10:57 AM org.eclipse.lsp4j.jsonrpc.RemoteEndpoint fallbackResponseError
SEVERE: Internal error: java.lang.reflect.InvocationTargetException
java.lang.RuntimeException: java.lang.reflect.InvocationTargetException
	at org.eclipse.lsp4j.jsonrpc.services.GenericEndpoint.lambda$null$0(GenericEndpoint.java:67)
	at org.eclipse.lsp4j.jsonrpc.services.GenericEndpoint.request(GenericEndpoint.java:120)
	at org.eclipse.lsp4j.jsonrpc.RemoteEndpoint.handleRequest(RemoteEndpoint.java:261)
	at org.eclipse.lsp4j.jsonrpc.RemoteEndpoint.consume(RemoteEndpoint.java:190)
	at org.eclipse.lsp4j.jsonrpc.json.StreamMessageProducer.handleMessage(StreamMessageProducer.java:194)
	at org.eclipse.lsp4j.jsonrpc.json.StreamMessageProducer.listen(StreamMessageProducer.java:94)
	at org.eclipse.lsp4j.jsonrpc.json.ConcurrentMessageProcessor.run(ConcurrentMessageProcessor.java:113)
	at java.base/java.util.concurrent.Executors$RunnableAdapter.call(Executors.java:539)
	at java.base/java.util.concurrent.FutureTask.run(FutureTask.java:264)
	at java.base/java.util.concurrent.ThreadPoolExecutor.runWorker(ThreadPoolExecutor.java:1136)
	at java.base/java.util.concurrent.ThreadPoolExecutor$Worker.run(ThreadPoolExecutor.java:635)
	at java.base/java.lang.Thread.run(Thread.java:840)
Caused by: java.lang.reflect.InvocationTargetException
	at java.base/jdk.internal.reflect.NativeMethodAccessorImpl.invoke0(Native Method)
	at java.base/jdk.internal.reflect.NativeMethodAccessorImpl.invoke(NativeMethodAccessorImpl.java:77)
	at java.base/jdk.internal.reflect.DelegatingMethodAccessorImpl.invoke(DelegatingMethodAccessorImpl.java:43)
	at java.base/java.lang.reflect.Method.invoke(Method.java:568)
	at org.eclipse.lsp4j.jsonrpc.services.GenericEndpoint.lambda$null$0(GenericEndpoint.java:65)
	... 11 more
Caused by: file:///nfs/home/zhaotiankun/workspace/ChipDesign/src/main/scala/xCache/First.scala:49: error: illegal character '\u2014'
————————————————
^
	at scala.meta.internal.tokenizers.Reporter.syntaxError(Reporter.scala:23)
	at scala.meta.internal.tokenizers.Reporter.syntaxError$(Reporter.scala:23)
	at scala.meta.internal.tokenizers.Reporter$$anon$1.syntaxError(Reporter.scala:33)
	at scala.meta.internal.tokenizers.Reporter.syntaxError(Reporter.scala:25)
	at scala.meta.internal.tokenizers.Reporter.syntaxError$(Reporter.scala:25)
	at scala.meta.internal.tokenizers.Reporter$$anon$1.syntaxError(Reporter.scala:33)
	at scala.meta.internal.tokenizers.LegacyScanner.fetchOther$1(LegacyScanner.scala:476)
	at scala.meta.internal.tokenizers.LegacyScanner.fetchToken(LegacyScanner.scala:481)
	at scala.meta.internal.tokenizers.LegacyScanner.nextToken(LegacyScanner.scala:214)
	at scala.meta.internal.mtags.ScalaToplevelMtags.loop(ScalaToplevelMtags.scala:353)
	at scala.meta.internal.mtags.ScalaToplevelMtags.indexRoot(ScalaToplevelMtags.scala:64)
	at scala.meta.internal.mtags.MtagsIndexer.index(MtagsIndexer.scala:21)
	at scala.meta.internal.mtags.MtagsIndexer.index$(MtagsIndexer.scala:20)
	at scala.meta.internal.mtags.ScalaToplevelMtags.index(ScalaToplevelMtags.scala:43)
	at scala.meta.internal.mtags.Mtags$.allToplevels(Mtags.scala:154)
	at scala.meta.internal.metals.DefinitionProvider.fromMtags(DefinitionProvider.scala:394)
	at scala.meta.internal.metals.DefinitionProvider.$anonfun$positionOccurrence$4(DefinitionProvider.scala:314)
	at scala.Option.orElse(Option.scala:477)
	at scala.meta.internal.metals.DefinitionProvider.$anonfun$positionOccurrence$1(DefinitionProvider.scala:314)
	at scala.Option.flatMap(Option.scala:283)
	at scala.meta.internal.metals.DefinitionProvider.positionOccurrence(DefinitionProvider.scala:306)
	at scala.meta.internal.metals.MetalsLspService.$anonfun$definitionOrReferences$1(MetalsLspService.scala:2661)
	at scala.Option.map(Option.scala:242)
	at scala.meta.internal.metals.MetalsLspService.definitionOrReferences(MetalsLspService.scala:2657)
	at scala.meta.internal.metals.MetalsLspService.$anonfun$definition$1(MetalsLspService.scala:1435)
	at scala.meta.internal.metals.CancelTokens$.future(CancelTokens.scala:38)
	at scala.meta.internal.metals.MetalsLspService.definition(MetalsLspService.scala:1434)
	at scala.meta.internal.metals.WorkspaceLspService.definition(WorkspaceLspService.scala:373)
	at scala.meta.metals.lsp.DelegatingScalaService.definition(DelegatingScalaService.scala:69)
	... 16 more

2024.04.28 11:10:58 WARN  Could not find semantic tokens for: file:///nfs/home/zhaotiankun/workspace/ChipDesign/src/main/scala/xCache/First.scala
2024.04.28 11:10:58 WARN  no build target for: /nfs/home/zhaotiankun/workspace/ChipDesign/src/main/scala/xCache/First.scala
2024.04.28 11:10:58 WARN  Could not find semantic tokens for: file:///nfs/home/zhaotiankun/workspace/ChipDesign/src/main/scala/xCache/First.scala
2024.04.28 11:11:01 WARN  Could not find semantic tokens for: file:///nfs/home/zhaotiankun/workspace/ChipDesign/src/main/scala/xCache/First.scala
2024.04.28 11:11:01 WARN  Could not find semantic tokens for: file:///nfs/home/zhaotiankun/workspace/ChipDesign/src/main/scala/xCache/First.scala
2024.04.28 11:11:02 WARN  Could not find semantic tokens for: file:///nfs/home/zhaotiankun/workspace/ChipDesign/src/main/scala/xCache/First.scala
2024.04.28 11:11:03 WARN  Could not find semantic tokens for: file:///nfs/home/zhaotiankun/workspace/ChipDesign/src/main/scala/xCache/First.scala
2024.04.28 11:11:03 WARN  Could not find semantic tokens for: file:///nfs/home/zhaotiankun/workspace/ChipDesign/src/main/scala/xCache/First.scala
2024.04.28 11:11:05 WARN  Could not find semantic tokens for: file:///nfs/home/zhaotiankun/workspace/ChipDesign/src/main/scala/xCache/First.scala
2024.04.28 11:11:05 WARN  no build target for: /nfs/home/zhaotiankun/workspace/ChipDesign/src/main/scala/xCache/First.scala
2024.04.28 11:11:05 WARN  Could not find semantic tokens for: file:///nfs/home/zhaotiankun/workspace/ChipDesign/src/main/scala/xCache/First.scala
2024.04.28 11:11:06 WARN  Could not find semantic tokens for: file:///nfs/home/zhaotiankun/workspace/ChipDesign/src/main/scala/xCache/First.scala
2024.04.28 11:11:06 WARN  Could not find semantic tokens for: file:///nfs/home/zhaotiankun/workspace/ChipDesign/src/main/scala/xCache/First.scala
2024.04.28 11:11:07 WARN  no build target for: /nfs/home/zhaotiankun/workspace/ChipDesign/src/main/scala/xCache/First.scala
2024.04.28 11:11:07 WARN  Could not find semantic tokens for: file:///nfs/home/zhaotiankun/workspace/ChipDesign/src/main/scala/xCache/First.scala
2024.04.28 11:11:09 WARN  Could not find semantic tokens for: file:///nfs/home/zhaotiankun/workspace/ChipDesign/src/main/scala/xCache/First.scala
2024.04.28 11:11:10 WARN  no build target for: /nfs/home/zhaotiankun/workspace/ChipDesign/src/main/scala/xCache/First.scala
2024.04.28 11:11:10 WARN  Could not find semantic tokens for: file:///nfs/home/zhaotiankun/workspace/ChipDesign/src/main/scala/xCache/First.scala
2024.04.28 11:11:10 WARN  Could not find semantic tokens for: file:///nfs/home/zhaotiankun/workspace/ChipDesign/src/main/scala/xCache/First.scala
2024.04.28 11:11:12 WARN  Could not find semantic tokens for: file:///nfs/home/zhaotiankun/workspace/ChipDesign/src/main/scala/xCache/First.scala
2024.04.28 11:11:12 WARN  no build target for: /nfs/home/zhaotiankun/workspace/ChipDesign/src/main/scala/xCache/First.scala
2024.04.28 11:11:12 WARN  Could not find semantic tokens for: file:///nfs/home/zhaotiankun/workspace/ChipDesign/src/main/scala/xCache/First.scala
2024.04.28 11:11:14 WARN  Could not find semantic tokens for: file:///nfs/home/zhaotiankun/workspace/ChipDesign/src/main/scala/xCache/First.scala
2024.04.28 11:11:14 WARN  Could not find semantic tokens for: file:///nfs/home/zhaotiankun/workspace/ChipDesign/src/main/scala/xCache/First.scala
2024.04.28 11:11:15 WARN  Could not find semantic tokens for: file:///nfs/home/zhaotiankun/workspace/ChipDesign/src/main/scala/xCache/First.scala
2024.04.28 11:11:15 WARN  Could not find semantic tokens for: file:///nfs/home/zhaotiankun/workspace/ChipDesign/src/main/scala/xCache/First.scala
Apr 28, 2024 11:11:16 AM org.eclipse.lsp4j.jsonrpc.RemoteEndpoint handleCancellation
WARNING: Unmatched cancel notification for request id 1570
2024.04.28 11:11:16 WARN  Could not find semantic tokens for: file:///nfs/home/zhaotiankun/workspace/ChipDesign/src/main/scala/xCache/First.scala
2024.04.28 11:11:17 WARN  no build target for: /nfs/home/zhaotiankun/workspace/ChipDesign/src/main/scala/xCache/First.scala
2024.04.28 11:11:16 WARN  Could not find semantic tokens for: file:///nfs/home/zhaotiankun/workspace/ChipDesign/src/main/scala/xCache/First.scala
2024.04.28 11:11:18 WARN  no build target for: /nfs/home/zhaotiankun/workspace/ChipDesign/src/main/scala/xCache/First.scala
2024.04.28 11:11:21 WARN  no build target for: /nfs/home/zhaotiankun/workspace/ChipDesign/src/main/scala/xCache/First.scala
2024.04.28 11:11:26 WARN  no build target for: /nfs/home/zhaotiankun/workspace/ChipDesign/src/main/scala/xCache/First.scala
2024.04.28 11:11:33 WARN  no build target for: /nfs/home/zhaotiankun/workspace/ChipDesign/src/main/scala/xCache/First.scala
2024.04.28 11:11:37 WARN  no build target for: /nfs/home/zhaotiankun/workspace/ChipDesign/src/main/scala/xCache/First.scala
2024.04.28 11:11:39 WARN  no build target for: /nfs/home/zhaotiankun/workspace/ChipDesign/src/main/scala/xCache/First.scala
2024.04.28 11:11:41 WARN  no build target for: /nfs/home/zhaotiankun/workspace/ChipDesign/src/main/scala/xCache/First.scala
2024.04.28 11:11:44 WARN  no build target for: /nfs/home/zhaotiankun/workspace/ChipDesign/src/main/scala/xCache/First.scala
2024.04.28 11:11:47 WARN  no build target for: /nfs/home/zhaotiankun/workspace/ChipDesign/src/main/scala/xCache/First.scala
2024.04.28 11:11:49 WARN  no build target for: /nfs/home/zhaotiankun/workspace/ChipDesign/src/main/scala/xCache/First.scala
2024.04.28 11:11:50 WARN  no build target for: /nfs/home/zhaotiankun/workspace/ChipDesign/src/main/scala/xCache/First.scala
2024.04.28 11:11:52 WARN  no build target for: /nfs/home/zhaotiankun/workspace/ChipDesign/src/main/scala/xCache/First.scala
2024.04.28 11:11:55 WARN  no build target for: /nfs/home/zhaotiankun/workspace/ChipDesign/src/main/scala/xCache/First.scala
2024.04.28 11:11:56 WARN  no build target for: /nfs/home/zhaotiankun/workspace/ChipDesign/src/main/scala/xCache/First.scala
2024.04.28 11:11:58 WARN  no build target for: /nfs/home/zhaotiankun/workspace/ChipDesign/src/main/scala/xCache/First.scala
2024.04.28 11:11:59 WARN  no build target for: /nfs/home/zhaotiankun/workspace/ChipDesign/src/main/scala/xCache/First.scala
2024.04.28 11:12:01 WARN  no build target for: /nfs/home/zhaotiankun/workspace/ChipDesign/src/main/scala/xCache/First.scala
2024.04.28 11:12:02 WARN  no build target for: /nfs/home/zhaotiankun/workspace/ChipDesign/src/main/scala/xCache/First.scala
2024.04.28 11:12:05 WARN  no build target for: /nfs/home/zhaotiankun/workspace/ChipDesign/src/main/scala/xCache/First.scala
2024.04.28 11:12:14 WARN  no build target for: /nfs/home/zhaotiankun/workspace/ChipDesign/src/main/scala/xCache/First.scala
2024.04.28 11:12:16 WARN  no build target for: /nfs/home/zhaotiankun/workspace/ChipDesign/src/main/scala/xCache/First.scala
2024.04.28 11:12:20 WARN  no build target for: /nfs/home/zhaotiankun/workspace/ChipDesign/src/main/scala/xCache/First.scala
2024.04.28 11:12:22 WARN  no build target for: /nfs/home/zhaotiankun/workspace/ChipDesign/src/main/scala/xCache/First.scala
2024.04.28 11:12:24 WARN  no build target for: /nfs/home/zhaotiankun/workspace/ChipDesign/src/main/scala/xCache/First.scala
2024.04.28 11:12:27 WARN  no build target for: /nfs/home/zhaotiankun/workspace/ChipDesign/src/main/scala/xCache/First.scala
2024.04.28 11:12:31 WARN  no build target for: /nfs/home/zhaotiankun/workspace/ChipDesign/src/main/scala/xCache/First.scala
2024.04.28 11:12:34 WARN  no build target for: /nfs/home/zhaotiankun/workspace/ChipDesign/src/main/scala/xCache/First.scala
2024.04.28 11:12:37 WARN  no build target for: /nfs/home/zhaotiankun/workspace/ChipDesign/src/main/scala/xCache/First.scala
2024.04.28 11:12:43 WARN  no build target for: /nfs/home/zhaotiankun/workspace/ChipDesign/src/main/scala/xCache/First.scala
2024.04.28 11:12:45 WARN  no build target for: /nfs/home/zhaotiankun/workspace/ChipDesign/src/main/scala/xCache/First.scala
2024.04.28 11:12:47 WARN  no build target for: /nfs/home/zhaotiankun/workspace/ChipDesign/src/main/scala/xCache/First.scala
2024.04.28 11:12:51 WARN  no build target for: /nfs/home/zhaotiankun/workspace/ChipDesign/src/main/scala/xCache/First.scala
2024.04.28 11:12:54 WARN  no build target for: /nfs/home/zhaotiankun/workspace/ChipDesign/src/main/scala/xCache/First.scala
2024.04.28 11:13:01 WARN  no build target for: /nfs/home/zhaotiankun/workspace/ChipDesign/src/main/scala/xCache/First.scala
2024.04.28 11:13:04 WARN  no build target for: /nfs/home/zhaotiankun/workspace/ChipDesign/src/main/scala/xCache/First.scala
2024.04.28 11:13:06 WARN  no build target for: /nfs/home/zhaotiankun/workspace/ChipDesign/src/main/scala/xCache/First.scala
2024.04.28 11:13:10 WARN  no build target for: /nfs/home/zhaotiankun/workspace/ChipDesign/src/main/scala/xCache/First.scala
2024.04.28 11:13:12 WARN  no build target for: /nfs/home/zhaotiankun/workspace/ChipDesign/src/main/scala/xCache/First.scala
2024.04.28 11:13:16 WARN  no build target for: /nfs/home/zhaotiankun/workspace/ChipDesign/src/main/scala/xCache/First.scala
2024.04.28 11:13:54 WARN  Could not find semantic tokens for: file:///nfs/home/zhaotiankun/workspace/ChipDesign/src/test/scala/FirstTest.scala
2024.04.28 11:13:58 WARN  Could not find semantic tokens for: file:///nfs/home/zhaotiankun/workspace/ChipDesign/src/test/scala/FirstTest.scala
Apr 28, 2024 11:14:02 AM org.eclipse.lsp4j.jsonrpc.RemoteEndpoint handleCancellation
WARNING: Unmatched cancel notification for request id 2368
2024.04.28 11:14:14 WARN  no build target for: /nfs/home/zhaotiankun/workspace/ChipDesign/src/main/scala/xCache/First.scala
2024.04.28 11:14:17 WARN  no build target for: /nfs/home/zhaotiankun/workspace/ChipDesign/src/main/scala/xCache/First.scala
2024.04.28 11:14:21 WARN  no build target for: /nfs/home/zhaotiankun/workspace/ChipDesign/src/main/scala/xCache/First.scala
2024.04.28 11:14:24 WARN  no build target for: /nfs/home/zhaotiankun/workspace/ChipDesign/src/main/scala/xCache/First.scala
2024.04.28 11:14:34 WARN  Could not find semantic tokens for: file:///nfs/home/zhaotiankun/workspace/ChipDesign/src/test/scala/FirstTest.scala
2024.04.28 11:14:40 WARN  Could not find semantic tokens for: file:///nfs/home/zhaotiankun/workspace/ChipDesign/src/test/scala/FirstTest.scala
2024.04.28 11:15:51 WARN  Could not find semantic tokens for: file:///nfs/home/zhaotiankun/workspace/ChipDesign/src/test/scala/FirstTest.scala
2024.04.28 11:16:05 WARN  Could not find semantic tokens for: file:///nfs/home/zhaotiankun/workspace/ChipDesign/src/test/scala/FirstTest.scala
2024.04.28 11:16:07 WARN  no build target for: /nfs/home/zhaotiankun/workspace/ChipDesign/src/test/scala/FirstTest.scala
2024.04.28 11:18:45 WARN  no build target for: /nfs/home/zhaotiankun/workspace/ChipDesign/src/test/scala/FirstTest.scala
2024.04.28 11:18:47 WARN  no build target for: /nfs/home/zhaotiankun/workspace/ChipDesign/src/test/scala/FirstTest.scala
Apr 28, 2024 11:19:53 AM org.eclipse.lsp4j.jsonrpc.RemoteEndpoint handleCancellation
WARNING: Unmatched cancel notification for request id 2657
2024.04.28 11:19:56 WARN  no build target for: /nfs/home/zhaotiankun/workspace/ChipDesign/src/main/scala/xCache/First.scala
2024.04.28 11:20:00 WARN  no build target for: /nfs/home/zhaotiankun/workspace/ChipDesign/src/main/scala/xCache/First.scala
2024.04.28 11:20:24 WARN  no build target for: /nfs/home/zhaotiankun/workspace/ChipDesign/src/main/scala/xCache/First.scala
2024.04.28 11:20:26 WARN  no build target for: /nfs/home/zhaotiankun/workspace/ChipDesign/src/main/scala/xCache/First.scala
Apr 28, 2024 11:21:09 AM org.eclipse.lsp4j.jsonrpc.RemoteEndpoint handleCancellation
WARNING: Unmatched cancel notification for request id 2733
2024.04.28 11:21:27 WARN  no build target for: /nfs/home/zhaotiankun/workspace/ChipDesign/src/test/scala/FirstTest.scala
2024.04.28 11:21:31 WARN  no build target for: /nfs/home/zhaotiankun/workspace/ChipDesign/src/test/scala/FirstTest.scala
Apr 28, 2024 11:22:26 AM org.eclipse.lsp4j.jsonrpc.RemoteEndpoint handleCancellation
WARNING: Unmatched cancel notification for request id 2828
Apr 28, 2024 11:23:50 AM org.eclipse.lsp4j.jsonrpc.RemoteEndpoint handleCancellation
WARNING: Unmatched cancel notification for request id 2886
2024.04.28 11:26:30 WARN  no build target for: /nfs/home/zhaotiankun/workspace/ChipDesign/src/main/scala/xCache/First.scala
Apr 28, 2024 11:26:31 AM org.eclipse.lsp4j.jsonrpc.RemoteEndpoint handleCancellation
WARNING: Unmatched cancel notification for request id 2969
2024.04.28 11:26:37 WARN  no build target for: /nfs/home/zhaotiankun/workspace/ChipDesign/src/test/scala/FirstTest.scala
Apr 28, 2024 11:31:10 AM org.eclipse.lsp4j.jsonrpc.RemoteEndpoint handleCancellation
WARNING: Unmatched cancel notification for request id 3167
Apr 28, 2024 11:31:56 AM org.eclipse.lsp4j.jsonrpc.RemoteEndpoint handleCancellation
WARNING: Unmatched cancel notification for request id 3184
2024.04.28 11:41:31 INFO  Shutting down server
2024.04.28 11:41:31 INFO  shutting down Metals
2024.04.28 11:41:31 INFO  Exiting server
2024.04.28 11:41:31 ERROR Unexpected error initializing server: 
org.eclipse.lsp4j.jsonrpc.ResponseErrorException: Request window/showMessageRequest failed with message: Canceled
	at org.eclipse.lsp4j.jsonrpc.RemoteEndpoint.handleResponse(RemoteEndpoint.java:209)
	at org.eclipse.lsp4j.jsonrpc.RemoteEndpoint.consume(RemoteEndpoint.java:193)
	at org.eclipse.lsp4j.jsonrpc.json.StreamMessageProducer.handleMessage(StreamMessageProducer.java:194)
	at org.eclipse.lsp4j.jsonrpc.json.StreamMessageProducer.listen(StreamMessageProducer.java:94)
	at org.eclipse.lsp4j.jsonrpc.json.ConcurrentMessageProcessor.run(ConcurrentMessageProcessor.java:113)
	at java.util.concurrent.Executors$RunnableAdapter.call(Executors.java:539)
	at java.util.concurrent.FutureTask.run(FutureTask.java:264)
	at java.util.concurrent.ThreadPoolExecutor.runWorker(ThreadPoolExecutor.java:1136)
	at java.util.concurrent.ThreadPoolExecutor$Worker.run(ThreadPoolExecutor.java:635)
	at java.lang.Thread.run(Thread.java:840)

2024.04.28 11:43:32 INFO  Started: Metals version 1.3.0 in folders '/nfs/home/zhaotiankun/workspace/ChipDesign' for client Visual Studio Code 1.88.1.
SLF4J: Class path contains multiple SLF4J providers.
SLF4J: Found provider [scribe.slf4j.ScribeServiceProvider@f9141a1]
SLF4J: Found provider [ch.qos.logback.classic.spi.LogbackServiceProvider@1dcae1de]
SLF4J: See https://www.slf4j.org/codes.html#multiple_bindings for an explanation.
SLF4J: Actual provider is of type [scribe.slf4j.ScribeServiceProvider@f9141a1]
2024.04.28 11:43:32 WARN  Flyway upgrade recommended: H2 2.2.224 is newer than this version of Flyway and support has not been tested. The latest supported version of H2 is 2.2.220.
DanglingParentheses: top-level presets deprecated; use 'preset' subsection
2024.04.28 11:45:44 WARN  Build server is not auto-connectable.
2024.04.28 12:34:46 INFO  Started: Metals version 1.3.0 in folders '/nfs/home/zhaotiankun/workspace/ChipDesign' for client Visual Studio Code 1.88.1.
SLF4J: Class path contains multiple SLF4J providers.
SLF4J: Found provider [scribe.slf4j.ScribeServiceProvider@41ac8ee7]
SLF4J: Found provider [ch.qos.logback.classic.spi.LogbackServiceProvider@5c150edd]
SLF4J: See https://www.slf4j.org/codes.html#multiple_bindings for an explanation.
SLF4J: Actual provider is of type [scribe.slf4j.ScribeServiceProvider@41ac8ee7]
2024.04.28 12:34:46 WARN  Flyway upgrade recommended: H2 2.2.224 is newer than this version of Flyway and support has not been tested. The latest supported version of H2 is 2.2.220.
DanglingParentheses: top-level presets deprecated; use 'preset' subsection
2024.04.28 12:34:48 WARN  Build server is not auto-connectable.
2024.04.28 12:38:52 INFO  Shutting down server
2024.04.28 12:38:52 INFO  shutting down Metals
2024.04.28 12:38:52 INFO  Exiting server
2024.04.28 14:13:42 INFO  no build target found for /nfs/home/zhaotiankun/workspace/ChipDesign/src/test/scala/FirstTest.scala. Using presentation compiler with project's scala-library version: 3.3.3
2024.04.28 14:13:44 INFO  time: code lens generation in 10s
2024.04.28 14:13:44 INFO  time: code lens generation in 6.1s
2024.04.28 14:13:44 INFO  time: code lens generation in 9.54s
2024.04.28 14:13:44 INFO  time: code lens generation in 8.41s
2024.04.28 14:19:16 WARN  no build target for: /nfs/home/zhaotiankun/workspace/ChipDesign/src/main/scala/xCache/First.scala
2024.04.28 14:19:19 WARN  no build target for: /nfs/home/zhaotiankun/workspace/ChipDesign/src/main/scala/xCache/First.scala
2024.04.28 14:20:03 WARN  no build target for: /nfs/home/zhaotiankun/workspace/ChipDesign/src/main/scala/xCache/First.scala
2024.04.28 14:20:06 WARN  no build target for: /nfs/home/zhaotiankun/workspace/ChipDesign/src/main/scala/xCache/First.scala
2024.04.28 14:20:08 WARN  no build target for: /nfs/home/zhaotiankun/workspace/ChipDesign/src/main/scala/xCache/First.scala
2024.04.28 14:20:10 WARN  no build target for: /nfs/home/zhaotiankun/workspace/ChipDesign/src/main/scala/xCache/First.scala
2024.04.28 14:20:12 WARN  no build target for: /nfs/home/zhaotiankun/workspace/ChipDesign/src/main/scala/xCache/First.scala
2024.04.28 14:20:15 WARN  no build target for: /nfs/home/zhaotiankun/workspace/ChipDesign/src/main/scala/xCache/First.scala
2024.04.28 14:20:24 WARN  no build target for: /nfs/home/zhaotiankun/workspace/ChipDesign/src/main/scala/xCache/First.scala
2024.04.28 14:21:42 WARN  no build target for: /nfs/home/zhaotiankun/workspace/ChipDesign/src/main/scala/xCache/First.scala
2024.04.28 14:22:04 WARN  no build target for: /nfs/home/zhaotiankun/workspace/ChipDesign/src/main/scala/xCache/First.scala
2024.04.28 14:22:05 WARN  no build target for: /nfs/home/zhaotiankun/workspace/ChipDesign/src/main/scala/xCache/First.scala
2024.04.28 14:22:14 WARN  no build target for: /nfs/home/zhaotiankun/workspace/ChipDesign/src/main/scala/xCache/First.scala
2024.04.28 14:22:15 WARN  no build target for: /nfs/home/zhaotiankun/workspace/ChipDesign/src/main/scala/xCache/First.scala
2024.04.28 14:22:21 WARN  no build target for: /nfs/home/zhaotiankun/workspace/ChipDesign/src/main/scala/xCache/First.scala
Apr 28, 2024 2:22:51 PM org.eclipse.lsp4j.jsonrpc.RemoteEndpoint handleCancellation
WARNING: Unmatched cancel notification for request id 356
Apr 28, 2024 2:31:07 PM org.eclipse.lsp4j.jsonrpc.RemoteEndpoint handleCancellation
WARNING: Unmatched cancel notification for request id 365
2024.04.28 18:10:35 INFO  Shutting down server
2024.04.28 18:10:35 INFO  shutting down Metals
2024.04.28 18:10:35 INFO  Exiting server
2024.04.29 10:24:54 INFO  Started: Metals version 1.3.0 in folders '/nfs/home/zhaotiankun/workspace/ChipDesign' for client Visual Studio Code 1.88.1.
SLF4J: Class path contains multiple SLF4J providers.
SLF4J: Found provider [scribe.slf4j.ScribeServiceProvider@175f8599]
SLF4J: Found provider [ch.qos.logback.classic.spi.LogbackServiceProvider@25194283]
SLF4J: See https://www.slf4j.org/codes.html#multiple_bindings for an explanation.
SLF4J: Actual provider is of type [scribe.slf4j.ScribeServiceProvider@175f8599]
2024.04.29 10:24:55 WARN  Flyway upgrade recommended: H2 2.2.224 is newer than this version of Flyway and support has not been tested. The latest supported version of H2 is 2.2.220.
Apr 29, 2024 10:24:56 AM org.eclipse.lsp4j.jsonrpc.services.GenericEndpoint notify
INFO: Unsupported notification method: $/setTrace
Apr 29, 2024 10:24:56 AM org.eclipse.lsp4j.jsonrpc.services.GenericEndpoint notify
INFO: Unsupported notification method: $/setTrace
Apr 29, 2024 10:24:56 AM org.eclipse.lsp4j.jsonrpc.services.GenericEndpoint notify
INFO: Unsupported notification method: $/setTrace
Apr 29, 2024 10:24:56 AM org.eclipse.lsp4j.jsonrpc.services.GenericEndpoint notify
INFO: Unsupported notification method: $/setTrace
Apr 29, 2024 10:24:56 AM org.eclipse.lsp4j.jsonrpc.services.GenericEndpoint notify
INFO: Unsupported notification method: $/setTrace
DanglingParentheses: top-level presets deprecated; use 'preset' subsection
2024.04.29 10:25:12 INFO  no build target found for /nfs/home/zhaotiankun/workspace/ChipDesign/src/main/scala/xCache/First.scala. Using presentation compiler with project's scala-library version: 3.3.3
Apr 29, 2024 10:54:54 AM org.eclipse.lsp4j.jsonrpc.services.GenericEndpoint notify
INFO: Unsupported notification method: $/setTrace
